Build started 10/05/2015 16:57:55.
     1>Project "I:\projects\wheatis\build\windows\utility\utility\utility.vcxproj" on node 2 (Build target(s)).
     1>ClCompile:
         C:\Program Files (x86)\Microsoft Visual Studio 12.0\VC\bin\CL.exe /c /II:\projects\wheatis/util/include/containers /II:\projects\wheatis/util/include /ZI /nologo /W3 /WX- /Od /Oy- /D WIN32 /D _DEBUG /D _WINDOWS /D _USRDLL /D UTILITY_EXPORTS /D _WINDLL /D _UNICODE /D UNICODE /Gm /EHsc /RTC1 /MDd /GS /fp:precise /Zc:wchar_t /Zc:forScope /Fo"Debug\\" /Fd"Debug\vc120.pdb" /Gd /TC /analyze- /errorReport:prompt ..\..\..\..\util\src\hash_table.c ..\..\..\..\util\src\io_utils.c ..\..\..\..\util\src\json_util.c ..\..\..\..\util\src\math_utils.c ..\..\..\..\util\src\plugin.c ..\..\..\..\util\src\string_hash_table.c ..\..\..\..\util\src\string_utils.c ..\..\..\..\util\src\time_util.c
         time_util.c
     1>i:\projects\wheatis\util\src\time_util.c(36): warning C4996: 'sscanf': This function or variable may be unsafe. Consider using sscanf_s instead. To disable deprecation, use _CRT_SECURE_NO_WARNINGS. See online help for details.
                 c:\program files (x86)\microsoft visual studio 12.0\vc\include\stdio.h(304) : see declaration of 'sscanf'
     1>i:\projects\wheatis\util\src\time_util.c(195): warning C4244: 'initializing' : conversion from 'double' to 'int', possible loss of data
         string_utils.c
     1>i:\projects\wheatis\util\include\string_utils.h(18): fatal error C1083: Cannot open include file: 'uuid/uuid.h': No such file or directory
         string_hash_table.c
     1>i:\projects\wheatis\util\include\hash_table.h(9): fatal error C1083: Cannot open include file: 'streams.h': No such file or directory
         plugin.c
     1>i:\projects\wheatis\util\include\string_utils.h(18): fatal error C1083: Cannot open include file: 'uuid/uuid.h': No such file or directory
         math_utils.c
     1>i:\projects\wheatis\util\include\string_utils.h(18): fatal error C1083: Cannot open include file: 'uuid/uuid.h': No such file or directory
         json_util.c
     1>i:\projects\wheatis\util\include\json_util.h(9): fatal error C1083: Cannot open include file: 'jansson.h': No such file or directory
         io_utils.c
     1>i:\projects\wheatis\util\src\io_utils.c(18): fatal error C1083: Cannot open include file: 'syslog.h': No such file or directory
         hash_table.c
     1>i:\projects\wheatis\util\include\hash_table.h(9): fatal error C1083: Cannot open include file: 'streams.h': No such file or directory
         Generating Code...
     1>Done Building Project "I:\projects\wheatis\build\windows\utility\utility\utility.vcxproj" (Build target(s)) -- FAILED.

Build FAILED.

Time Elapsed 00:00:00.59
