This file contains any messages produced by compilers while
running configure, to aid debugging if configure makes a mistake.

It was created by liboauth configure -, which was
generated by GNU Autoconf 2.69.  Invocation command line was

  $ ./configure --prefix=/opt/wheatis/extras/liboauth

## --------- ##
## Platform. ##
## --------- ##

hostname = v0214
uname -m = x86_64
uname -r = 2.6.32-220.13.1.el6.centos.plus.x86_64
uname -s = Linux
uname -v = #1 SMP Wed Apr 18 02:32:59 BST 2012

/usr/bin/uname -p = unknown
/bin/uname -X     = unknown

/bin/arch              = x86_64
/usr/bin/arch -k       = unknown
/usr/convex/getsysinfo = unknown
/usr/bin/hostinfo      = unknown
/bin/machine           = unknown
/usr/bin/oslevel       = unknown
/bin/universe          = unknown

PATH: /usr/lib64/qt-3.3/bin
PATH: /usr/local/bin
PATH: /bin
PATH: /usr/bin
PATH: /usr/local/sbin
PATH: /usr/sbin
PATH: /sbin


## ----------- ##
## Core tests. ##
## ----------- ##

configure:2384: checking for sed
configure:2403: found /bin/sed
configure:2416: result: /bin/sed
configure:2429: checking liboauth version
configure:2432: result: 1.0.3
configure:2479: checking build system type
configure:2493: result: x86_64-unknown-linux-gnu
configure:2513: checking host system type
configure:2526: result: x86_64-unknown-linux-gnu
configure:2546: checking target system type
configure:2559: result: x86_64-unknown-linux-gnu
configure:2602: checking for a BSD-compatible install
configure:2670: result: /usr/bin/install -c
configure:2681: checking whether build environment is sane
configure:2731: result: yes
configure:2872: checking for a thread-safe mkdir -p
configure:2911: result: /bin/mkdir -p
configure:2924: checking for gawk
configure:2940: found /bin/gawk
configure:2951: result: gawk
configure:2962: checking whether make sets $(MAKE)
configure:2984: result: yes
configure:3124: checking for gcc
configure:3140: found /usr/bin/gcc
configure:3151: result: gcc
configure:3380: checking for C compiler version
configure:3389: gcc --version >&5
gcc (GCC) 4.4.6 20110731 (Red Hat 4.4.6-3)
Copyright (C) 2010 Free Software Foundation, Inc.
This is free software; see the source for copying conditions.  There is NO
warranty; not even for MERCHANTABILITY or FITNESS FOR A PARTICULAR PURPOSE.

configure:3400: $? = 0
configure:3389: gcc -v >&5
Using built-in specs.
Target: x86_64-redhat-linux
Configured with: ../configure --prefix=/usr --mandir=/usr/share/man --infodir=/usr/share/info --with-bugurl=http://bugzilla.redhat.com/bugzilla --enable-bootstrap --enable-shared --enable-threads=posix --enable-checking=release --with-system-zlib --enable-__cxa_atexit --disable-libunwind-exceptions --enable-gnu-unique-object --enable-languages=c,c++,objc,obj-c++,java,fortran,ada --enable-java-awt=gtk --disable-dssi --with-java-home=/usr/lib/jvm/java-1.5.0-gcj-1.5.0.0/jre --enable-libgcj-multifile --enable-java-maintainer-mode --with-ecj-jar=/usr/share/java/eclipse-ecj.jar --disable-libjava-multilib --with-ppl --with-cloog --with-tune=generic --with-arch_32=i686 --build=x86_64-redhat-linux
Thread model: posix
gcc version 4.4.6 20110731 (Red Hat 4.4.6-3) (GCC) 
configure:3400: $? = 0
configure:3389: gcc -V >&5
gcc: '-V' option must have argument
configure:3400: $? = 1
configure:3389: gcc -qversion >&5
gcc: unrecognized option '-qversion'
gcc: no input files
configure:3400: $? = 1
configure:3420: checking whether the C compiler works
configure:3442: gcc    conftest.c  >&5
configure:3446: $? = 0
configure:3494: result: yes
configure:3497: checking for C compiler default output file name
configure:3499: result: a.out
configure:3505: checking for suffix of executables
configure:3512: gcc -o conftest    conftest.c  >&5
configure:3516: $? = 0
configure:3538: result: 
configure:3560: checking whether we are cross compiling
configure:3568: gcc -o conftest    conftest.c  >&5
configure:3572: $? = 0
configure:3579: ./conftest
configure:3583: $? = 0
configure:3598: result: no
configure:3603: checking for suffix of object files
configure:3625: gcc -c   conftest.c >&5
configure:3629: $? = 0
configure:3650: result: o
configure:3654: checking whether we are using the GNU C compiler
configure:3673: gcc -c   conftest.c >&5
configure:3673: $? = 0
configure:3682: result: yes
configure:3691: checking whether gcc accepts -g
configure:3711: gcc -c -g  conftest.c >&5
configure:3711: $? = 0
configure:3752: result: yes
configure:3769: checking for gcc option to accept ISO C89
configure:3832: gcc  -c -g -O2  conftest.c >&5
configure:3832: $? = 0
configure:3845: result: none needed
configure:3876: checking for style of include used by make
configure:3904: result: GNU
configure:3930: checking dependency style of gcc
configure:4041: result: gcc3
configure:4056: checking whether make sets $(MAKE)
configure:4078: result: yes
configure:4087: checking whether ln -s works
configure:4091: result: yes
configure:4144: checking how to print strings
configure:4171: result: printf
configure:4192: checking for a sed that does not truncate output
configure:4256: result: /bin/sed
configure:4274: checking for grep that handles long lines and -e
configure:4332: result: /bin/grep
configure:4337: checking for egrep
configure:4399: result: /bin/grep -E
configure:4404: checking for fgrep
configure:4466: result: /bin/grep -F
configure:4501: checking for ld used by gcc
configure:4568: result: /usr/bin/ld
configure:4575: checking if the linker (/usr/bin/ld) is GNU ld
configure:4590: result: yes
configure:4602: checking for BSD- or MS-compatible name lister (nm)
configure:4651: result: /usr/bin/nm -B
configure:4781: checking the name lister (/usr/bin/nm -B) interface
configure:4788: gcc -c -g -O2  conftest.c >&5
configure:4791: /usr/bin/nm -B "conftest.o"
configure:4794: output
0000000000000000 B some_variable
configure:4801: result: BSD nm
configure:4805: checking the maximum length of command line arguments
configure:4935: result: 1966080
configure:4952: checking whether the shell understands some XSI constructs
configure:4962: result: yes
configure:4966: checking whether the shell understands "+="
configure:4972: result: yes
configure:5007: checking how to convert x86_64-unknown-linux-gnu file names to x86_64-unknown-linux-gnu format
configure:5047: result: func_convert_file_noop
configure:5054: checking how to convert x86_64-unknown-linux-gnu file names to toolchain format
configure:5074: result: func_convert_file_noop
configure:5081: checking for /usr/bin/ld option to reload object files
configure:5088: result: -r
configure:5162: checking for objdump
configure:5178: found /usr/bin/objdump
configure:5189: result: objdump
configure:5221: checking how to recognize dependent libraries
configure:5423: result: pass_all
configure:5508: checking for dlltool
configure:5538: result: no
configure:5568: checking how to associate runtime and link libraries
configure:5595: result: printf %s\n
configure:5656: checking for ar
configure:5672: found /usr/bin/ar
configure:5683: result: ar
configure:5720: checking for archiver @FILE support
configure:5737: gcc -c -g -O2  conftest.c >&5
configure:5737: $? = 0
configure:5740: ar cru libconftest.a @conftest.lst >&5
configure:5743: $? = 0
configure:5748: ar cru libconftest.a @conftest.lst >&5
ar: conftest.o: No such file or directory
configure:5751: $? = 1
configure:5763: result: @
configure:5821: checking for strip
configure:5837: found /usr/bin/strip
configure:5848: result: strip
configure:5920: checking for ranlib
configure:5936: found /usr/bin/ranlib
configure:5947: result: ranlib
configure:6049: checking command to parse /usr/bin/nm -B output from gcc object
configure:6169: gcc -c -g -O2  conftest.c >&5
configure:6172: $? = 0
configure:6176: /usr/bin/nm -B conftest.o \| sed -n -e 's/^.*[ ]\([ABCDGIRSTW][ABCDGIRSTW]*\)[ ][ ]*\([_A-Za-z][_A-Za-z0-9]*\)$/\1 \2 \2/p' | sed '/ __gnu_lto/d' \> conftest.nm
configure:6179: $? = 0
configure:6245: gcc -o conftest -g -O2   conftest.c conftstm.o >&5
configure:6248: $? = 0
configure:6286: result: ok
configure:6323: checking for sysroot
configure:6353: result: no
configure:6430: gcc -c -g -O2  conftest.c >&5
configure:6433: $? = 0
configure:6609: checking for mt
configure:6639: result: no
configure:6659: checking if : is a manifest tool
configure:6665: : '-?'
configure:6673: result: no
configure:7315: checking how to run the C preprocessor
configure:7346: gcc -E  conftest.c
configure:7346: $? = 0
configure:7360: gcc -E  conftest.c
conftest.c:11:28: error: ac_nonexistent.h: No such file or directory
configure:7360: $? = 1
configure: failed program was:
| /* confdefs.h */
| #define PACKAGE_NAME "liboauth"
| #define PACKAGE_TARNAME "liboauth"
| #define PACKAGE_VERSION "-"
| #define PACKAGE_STRING "liboauth -"
| #define PACKAGE_BUGREPORT "robin AT gareus DOT org"
| #define PACKAGE_URL "http://liboauth.sourceforge.net/"
| #define PACKAGE "liboauth"
| #define VERSION "1.0.3"
| /* end confdefs.h.  */
| #include <ac_nonexistent.h>
configure:7385: result: gcc -E
configure:7405: gcc -E  conftest.c
configure:7405: $? = 0
configure:7419: gcc -E  conftest.c
conftest.c:11:28: error: ac_nonexistent.h: No such file or directory
configure:7419: $? = 1
configure: failed program was:
| /* confdefs.h */
| #define PACKAGE_NAME "liboauth"
| #define PACKAGE_TARNAME "liboauth"
| #define PACKAGE_VERSION "-"
| #define PACKAGE_STRING "liboauth -"
| #define PACKAGE_BUGREPORT "robin AT gareus DOT org"
| #define PACKAGE_URL "http://liboauth.sourceforge.net/"
| #define PACKAGE "liboauth"
| #define VERSION "1.0.3"
| /* end confdefs.h.  */
| #include <ac_nonexistent.h>
configure:7448: checking for ANSI C header files
configure:7468: gcc -c -g -O2  conftest.c >&5
configure:7468: $? = 0
configure:7541: gcc -o conftest -g -O2   conftest.c  >&5
configure:7541: $? = 0
configure:7541: ./conftest
configure:7541: $? = 0
configure:7552: result: yes
configure:7565: checking for sys/types.h
configure:7565: gcc -c -g -O2  conftest.c >&5
configure:7565: $? = 0
configure:7565: result: yes
configure:7565: checking for sys/stat.h
configure:7565: gcc -c -g -O2  conftest.c >&5
configure:7565: $? = 0
configure:7565: result: yes
configure:7565: checking for stdlib.h
configure:7565: gcc -c -g -O2  conftest.c >&5
configure:7565: $? = 0
configure:7565: result: yes
configure:7565: checking for string.h
configure:7565: gcc -c -g -O2  conftest.c >&5
configure:7565: $? = 0
configure:7565: result: yes
configure:7565: checking for memory.h
configure:7565: gcc -c -g -O2  conftest.c >&5
configure:7565: $? = 0
configure:7565: result: yes
configure:7565: checking for strings.h
configure:7565: gcc -c -g -O2  conftest.c >&5
configure:7565: $? = 0
configure:7565: result: yes
configure:7565: checking for inttypes.h
configure:7565: gcc -c -g -O2  conftest.c >&5
configure:7565: $? = 0
configure:7565: result: yes
configure:7565: checking for stdint.h
configure:7565: gcc -c -g -O2  conftest.c >&5
configure:7565: $? = 0
configure:7565: result: yes
configure:7565: checking for unistd.h
configure:7565: gcc -c -g -O2  conftest.c >&5
configure:7565: $? = 0
configure:7565: result: yes
configure:7579: checking for dlfcn.h
configure:7579: gcc -c -g -O2  conftest.c >&5
configure:7579: $? = 0
configure:7579: result: yes
configure:7785: checking for objdir
configure:7800: result: .libs
configure:8067: checking if gcc supports -fno-rtti -fno-exceptions
configure:8085: gcc -c -g -O2  -fno-rtti -fno-exceptions conftest.c >&5
cc1: warning: command line option "-fno-rtti" is valid for C++/ObjC++ but not for C
configure:8089: $? = 0
configure:8102: result: no
configure:8429: checking for gcc option to produce PIC
configure:8436: result: -fPIC -DPIC
configure:8444: checking if gcc PIC flag -fPIC -DPIC works
configure:8462: gcc -c -g -O2  -fPIC -DPIC -DPIC conftest.c >&5
configure:8466: $? = 0
configure:8479: result: yes
configure:8508: checking if gcc static flag -static works
configure:8536: result: no
configure:8551: checking if gcc supports -c -o file.o
configure:8572: gcc -c -g -O2  -o out/conftest2.o conftest.c >&5
configure:8576: $? = 0
configure:8598: result: yes
configure:8606: checking if gcc supports -c -o file.o
configure:8653: result: yes
configure:8686: checking whether the gcc linker (/usr/bin/ld -m elf_x86_64) supports shared libraries
configure:9843: result: yes
configure:9880: checking whether -lc should be explicitly linked in
configure:9888: gcc -c -g -O2  conftest.c >&5
configure:9891: $? = 0
configure:9906: gcc -shared  -fPIC -DPIC conftest.o  -v -Wl,-soname -Wl,conftest -o conftest 2\>\&1 \| /bin/grep  -lc  \>/dev/null 2\>\&1
configure:9909: $? = 0
configure:9923: result: no
configure:10083: checking dynamic linker characteristics
configure:10594: gcc -o conftest -g -O2   -Wl,-rpath -Wl,/foo conftest.c  >&5
configure:10594: $? = 0
configure:10828: result: GNU/Linux ld.so
configure:10935: checking how to hardcode library paths into programs
configure:10960: result: immediate
configure:11500: checking whether stripping libraries is possible
configure:11505: result: yes
configure:11540: checking if libtool supports shared libraries
configure:11542: result: yes
configure:11545: checking whether to build shared libraries
configure:11566: result: yes
configure:11569: checking whether to build static libraries
configure:11573: result: yes
configure:11612: checking whether gcc and cc understand -c and -o together
configure:11643: gcc -c conftest.c -o conftest2.o >&5
configure:11647: $? = 0
configure:11653: gcc -c conftest.c -o conftest2.o >&5
configure:11657: $? = 0
configure:11668: cc -c conftest.c >&5
configure:11672: $? = 0
configure:11680: cc -c conftest.c -o conftest2.o >&5
configure:11684: $? = 0
configure:11690: cc -c conftest.c -o conftest2.o >&5
configure:11694: $? = 0
configure:11712: result: yes
configure:12036: checking for ANSI C header files
configure:12140: result: yes
configure:12151: checking for unistd.h
configure:12151: result: yes
configure:12151: checking time.h usability
configure:12151: gcc -c -g -O2  conftest.c >&5
configure:12151: $? = 0
configure:12151: result: yes
configure:12151: checking time.h presence
configure:12151: gcc -E  conftest.c
configure:12151: $? = 0
configure:12151: result: yes
configure:12151: checking for time.h
configure:12151: result: yes
configure:12151: checking for string.h
configure:12151: result: yes
configure:12151: checking alloca.h usability
configure:12151: gcc -c -g -O2  conftest.c >&5
configure:12151: $? = 0
configure:12151: result: yes
configure:12151: checking alloca.h presence
configure:12151: gcc -E  conftest.c
configure:12151: $? = 0
configure:12151: result: yes
configure:12151: checking for alloca.h
configure:12151: result: yes
configure:12151: checking stdio.h usability
configure:12151: gcc -c -g -O2  conftest.c >&5
configure:12151: $? = 0
configure:12151: result: yes
configure:12151: checking stdio.h presence
configure:12151: gcc -E  conftest.c
configure:12151: $? = 0
configure:12151: result: yes
configure:12151: checking for stdio.h
configure:12151: result: yes
configure:12151: checking stdarg.h usability
configure:12151: gcc -c -g -O2  conftest.c >&5
configure:12151: $? = 0
configure:12151: result: yes
configure:12151: checking stdarg.h presence
configure:12151: gcc -E  conftest.c
configure:12151: $? = 0
configure:12151: result: yes
configure:12151: checking for stdarg.h
configure:12151: result: yes
configure:12151: checking math.h usability
configure:12151: gcc -c -g -O2  conftest.c >&5
configure:12151: $? = 0
configure:12151: result: yes
configure:12151: checking math.h presence
configure:12151: gcc -E  conftest.c
configure:12151: $? = 0
configure:12151: result: yes
configure:12151: checking for math.h
configure:12151: result: yes
configure:12162: checking whether sys/types.h defines makedev
configure:12178: gcc -o conftest -g -O2   conftest.c  >&5
configure:12178: $? = 0
configure:12187: result: yes
configure:12212: checking for size_t
configure:12212: gcc -c -g -O2  conftest.c >&5
configure:12212: $? = 0
configure:12212: gcc -c -g -O2  conftest.c >&5
conftest.c: In function 'main':
conftest.c:67: error: expected expression before ')' token
configure:12212: $? = 1
configure: failed program was:
| /* confdefs.h */
| #define PACKAGE_NAME "liboauth"
| #define PACKAGE_TARNAME "liboauth"
| #define PACKAGE_VERSION "-"
| #define PACKAGE_STRING "liboauth -"
| #define PACKAGE_BUGREPORT "robin AT gareus DOT org"
| #define PACKAGE_URL "http://liboauth.sourceforge.net/"
| #define PACKAGE "liboauth"
| #define VERSION "1.0.3"
| #define STDC_HEADERS 1
| #define HAVE_SYS_TYPES_H 1
| #define HAVE_SYS_STAT_H 1
| #define HAVE_STDLIB_H 1
| #define HAVE_STRING_H 1
| #define HAVE_MEMORY_H 1
| #define HAVE_STRINGS_H 1
| #define HAVE_INTTYPES_H 1
| #define HAVE_STDINT_H 1
| #define HAVE_UNISTD_H 1
| #define HAVE_DLFCN_H 1
| #define LT_OBJDIR ".libs/"
| #define STDC_HEADERS 1
| #define HAVE_UNISTD_H 1
| #define HAVE_TIME_H 1
| #define HAVE_STRING_H 1
| #define HAVE_ALLOCA_H 1
| #define HAVE_STDIO_H 1
| #define HAVE_STDARG_H 1
| #define HAVE_MATH_H 1
| /* end confdefs.h.  */
| #include <stdio.h>
| #ifdef HAVE_SYS_TYPES_H
| # include <sys/types.h>
| #endif
| #ifdef HAVE_SYS_STAT_H
| # include <sys/stat.h>
| #endif
| #ifdef STDC_HEADERS
| # include <stdlib.h>
| # include <stddef.h>
| #else
| # ifdef HAVE_STDLIB_H
| #  include <stdlib.h>
| # endif
| #endif
| #ifdef HAVE_STRING_H
| # if !defined STDC_HEADERS && defined HAVE_MEMORY_H
| #  include <memory.h>
| # endif
| # include <string.h>
| #endif
| #ifdef HAVE_STRINGS_H
| # include <strings.h>
| #endif
| #ifdef HAVE_INTTYPES_H
| # include <inttypes.h>
| #endif
| #ifdef HAVE_STDINT_H
| # include <stdint.h>
| #endif
| #ifdef HAVE_UNISTD_H
| # include <unistd.h>
| #endif
| int
| main ()
| {
| if (sizeof ((size_t)))
| 	    return 0;
|   ;
|   return 0;
| }
configure:12212: result: yes
configure:12225: checking for working alloca.h
configure:12242: gcc -o conftest -g -O2   conftest.c  >&5
configure:12242: $? = 0
configure:12250: result: yes
configure:12258: checking for alloca
configure:12295: gcc -o conftest -g -O2   conftest.c  >&5
configure:12295: $? = 0
configure:12303: result: yes
configure:12409: checking whether struct tm is in sys/time.h or time.h
configure:12429: gcc -c -g -O2  conftest.c >&5
configure:12429: $? = 0
configure:12436: result: time.h
configure:12444: checking for struct stat.st_blocks
configure:12444: gcc -c -g -O2  conftest.c >&5
configure:12444: $? = 0
configure:12444: result: yes
configure:12467: checking for dirent.h that defines DIR
configure:12486: gcc -c -g -O2  conftest.c >&5
configure:12486: $? = 0
configure:12494: result: yes
configure:12507: checking for library containing opendir
configure:12538: gcc -o conftest -g -O2   conftest.c  >&5
configure:12538: $? = 0
configure:12555: result: none required
configure:12622: checking whether closedir returns void
configure:12646: gcc -o conftest -g -O2   conftest.c  >&5
configure:12646: $? = 0
configure:12646: ./conftest
configure:12646: $? = 0
configure:12656: result: no
configure:12691: checking if -Wl,--as-needed works
configure:12706: gcc -o conftest -g -O2   -Wl,--as-needed conftest.c  >&5
configure:12706: $? = 0
configure:12708: result: yes
configure:12758: checking for curl
configure:12777: found /usr/bin/curl
configure:12790: result: /usr/bin/curl
configure:12859: checking for pkg-config
configure:12877: found /usr/bin/pkg-config
configure:12889: result: /usr/bin/pkg-config
configure:12914: checking pkg-config is at least version 0.9.0
configure:12917: result: yes
configure:12929: checking for CURL
configure:12936: $PKG_CONFIG --exists --print-errors "libcurl"
configure:12939: $? = 0
configure:12953: $PKG_CONFIG --exists --print-errors "libcurl"
configure:12956: $? = 0
configure:13106: result: yes
configure:13258: checking openssl/hmac.h usability
configure:13258: gcc -c -g -O2  conftest.c >&5
configure:13258: $? = 0
configure:13258: result: yes
configure:13258: checking openssl/hmac.h presence
configure:13258: gcc -E  conftest.c
configure:13258: $? = 0
configure:13258: result: yes
configure:13258: checking for openssl/hmac.h
configure:13258: result: yes
configure:13290:

    NOTE: OpenSSL is not compatible with GPL applications.
    Even if only linked with GPL code you are not allowed to distibute your app.
    However liboauth provides an exeption (to the GPL) to circumvent this issue
    (see README, src/hash.c). Nevertheless, double-check your licensing.

    liboauth itself is licensed under MIT license and comatible with the GPL.

    Either way, you are probably better off using NSS (configure --enable-nss);
    future versions of liboauth will default to the Mozilla NSS.

    see http://people.gnome.org/~markmc/openssl-and-the-gpl.html
    
configure:13316: checking for doxygen
configure:13334: found /usr/bin/doxygen
configure:13347: result: /usr/bin/doxygen
configure:13363: checking for dot
configure:13394: result: no
configure:13415: checking for perl
configure:13433: found /usr/bin/perl
configure:13446: result: /usr/bin/perl
configure:13599: creating ./config.status

## ---------------------- ##
## Running config.status. ##
## ---------------------- ##

This file was extended by liboauth config.status -, which was
generated by GNU Autoconf 2.69.  Invocation command line was

  CONFIG_FILES    = 
  CONFIG_HEADERS  = 
  CONFIG_LINKS    = 
  CONFIG_COMMANDS = 
  $ ./config.status 

on v0214

config.status:1133: creating Makefile
config.status:1133: creating src/Makefile
config.status:1133: creating doc/Makefile
config.status:1133: creating tests/Makefile
config.status:1133: creating liboauth.lsm
config.status:1133: creating oauth.pc
config.status:1133: creating Doxyfile
config.status:1133: creating doc/mainpage.dox
config.status:1133: creating src/config.h
config.status:1314: src/config.h is unchanged
config.status:1362: executing tests/atconfig commands
config.status:1362: executing depfiles commands
config.status:1362: executing libtool commands
configure:15881:

 liboauth configured:
 -----------------------

  version:                1.0.3
  interface revision:     8:7:8
  hash/signature:         OpenSSL
  http integration:       libcurl
  libcurl-timeout:        -
  generate documentation: /usr/bin/doxygen
  installation prefix:    /opt/wheatis/extras/liboauth
  CFLAGS:                 -Wall -g -O2
  LDFLAGS:                -Wall -export-symbols-regex '^oauth_.*' -Wl,--as-needed 

 type "make" followed my "make install" as root.
 run "make dox" to generate API html reference: doc/html/index.html


## ---------------- ##
## Cache variables. ##
## ---------------- ##

ac_cv_build=x86_64-unknown-linux-gnu
ac_cv_c_compiler_gnu=yes
ac_cv_env_CC_set=
ac_cv_env_CC_value=
ac_cv_env_CFLAGS_set=
ac_cv_env_CFLAGS_value=
ac_cv_env_CPPFLAGS_set=
ac_cv_env_CPPFLAGS_value=
ac_cv_env_CPP_set=
ac_cv_env_CPP_value=
ac_cv_env_CURL_CFLAGS_set=
ac_cv_env_CURL_CFLAGS_value=
ac_cv_env_CURL_LIBS_set=
ac_cv_env_CURL_LIBS_value=
ac_cv_env_DOT_set=
ac_cv_env_DOT_value=
ac_cv_env_DOXYGEN_set=
ac_cv_env_DOXYGEN_value=
ac_cv_env_LDFLAGS_set=
ac_cv_env_LDFLAGS_value=
ac_cv_env_LIBS_set=
ac_cv_env_LIBS_value=
ac_cv_env_NSS_CFLAGS_set=
ac_cv_env_NSS_CFLAGS_value=
ac_cv_env_NSS_LIBS_set=
ac_cv_env_NSS_LIBS_value=
ac_cv_env_PERL_set=
ac_cv_env_PERL_value=
ac_cv_env_PKG_CONFIG_LIBDIR_set=
ac_cv_env_PKG_CONFIG_LIBDIR_value=
ac_cv_env_PKG_CONFIG_PATH_set=
ac_cv_env_PKG_CONFIG_PATH_value=
ac_cv_env_PKG_CONFIG_set=
ac_cv_env_PKG_CONFIG_value=
ac_cv_env_build_alias_set=
ac_cv_env_build_alias_value=
ac_cv_env_host_alias_set=
ac_cv_env_host_alias_value=
ac_cv_env_target_alias_set=
ac_cv_env_target_alias_value=
ac_cv_func_alloca_works=yes
ac_cv_func_closedir_void=no
ac_cv_header_alloca_h=yes
ac_cv_header_dirent_dirent_h=yes
ac_cv_header_dlfcn_h=yes
ac_cv_header_inttypes_h=yes
ac_cv_header_math_h=yes
ac_cv_header_memory_h=yes
ac_cv_header_openssl_hmac_h=yes
ac_cv_header_stdarg_h=yes
ac_cv_header_stdc=yes
ac_cv_header_stdint_h=yes
ac_cv_header_stdio_h=yes
ac_cv_header_stdlib_h=yes
ac_cv_header_string_h=yes
ac_cv_header_strings_h=yes
ac_cv_header_sys_stat_h=yes
ac_cv_header_sys_types_h=yes
ac_cv_header_sys_types_h_makedev=yes
ac_cv_header_time_h=yes
ac_cv_header_unistd_h=yes
ac_cv_host=x86_64-unknown-linux-gnu
ac_cv_member_struct_stat_st_blocks=yes
ac_cv_objext=o
ac_cv_path_CURLCMD=/usr/bin/curl
ac_cv_path_DOT=no
ac_cv_path_DOXYGEN=/usr/bin/doxygen
ac_cv_path_EGREP='/bin/grep -E'
ac_cv_path_FGREP='/bin/grep -F'
ac_cv_path_GREP=/bin/grep
ac_cv_path_PERL=/usr/bin/perl
ac_cv_path_SED=/bin/sed
ac_cv_path_ac_pt_PKG_CONFIG=/usr/bin/pkg-config
ac_cv_path_install='/usr/bin/install -c'
ac_cv_path_mkdir=/bin/mkdir
ac_cv_prog_AWK=gawk
ac_cv_prog_CPP='gcc -E'
ac_cv_prog_ac_ct_AR=ar
ac_cv_prog_ac_ct_CC=gcc
ac_cv_prog_ac_ct_OBJDUMP=objdump
ac_cv_prog_ac_ct_RANLIB=ranlib
ac_cv_prog_ac_ct_STRIP=strip
ac_cv_prog_cc_c89=
ac_cv_prog_cc_g=yes
ac_cv_prog_cc_gcc_c_o=yes
ac_cv_prog_make_make_set=yes
ac_cv_search_opendir='none required'
ac_cv_struct_tm=time.h
ac_cv_target=x86_64-unknown-linux-gnu
ac_cv_type_size_t=yes
ac_cv_working_alloca_h=yes
am_cv_CC_dependencies_compiler_type=gcc3
lt_cv_ar_at_file=@
lt_cv_archive_cmds_need_lc=no
lt_cv_deplibs_check_method=pass_all
lt_cv_file_magic_cmd='$MAGIC_CMD'
lt_cv_file_magic_test_file=
lt_cv_ld_reload_flag=-r
lt_cv_nm_interface='BSD nm'
lt_cv_objdir=.libs
lt_cv_path_LD=/usr/bin/ld
lt_cv_path_NM='/usr/bin/nm -B'
lt_cv_path_mainfest_tool=no
lt_cv_prog_compiler_c_o=yes
lt_cv_prog_compiler_pic='-fPIC -DPIC'
lt_cv_prog_compiler_pic_works=yes
lt_cv_prog_compiler_rtti_exceptions=no
lt_cv_prog_compiler_static_works=no
lt_cv_prog_gnu_ld=yes
lt_cv_sharedlib_from_linklib_cmd='printf %s\n'
lt_cv_shlibpath_overrides_runpath=no
lt_cv_sys_global_symbol_pipe='sed -n -e '\''s/^.*[	 ]\([ABCDGIRSTW][ABCDGIRSTW]*\)[	 ][	 ]*\([_A-Za-z][_A-Za-z0-9]*\)$/\1 \2 \2/p'\'' | sed '\''/ __gnu_lto/d'\'''
lt_cv_sys_global_symbol_to_c_name_address='sed -n -e '\''s/^: \([^ ]*\)[ ]*$/  {\"\1\", (void *) 0},/p'\'' -e '\''s/^[ABCDGIRSTW]* \([^ ]*\) \([^ ]*\)$/  {"\2", (void *) \&\2},/p'\'''
lt_cv_sys_global_symbol_to_c_name_address_lib_prefix='sed -n -e '\''s/^: \([^ ]*\)[ ]*$/  {\"\1\", (void *) 0},/p'\'' -e '\''s/^[ABCDGIRSTW]* \([^ ]*\) \(lib[^ ]*\)$/  {"\2", (void *) \&\2},/p'\'' -e '\''s/^[ABCDGIRSTW]* \([^ ]*\) \([^ ]*\)$/  {"lib\2", (void *) \&\2},/p'\'''
lt_cv_sys_global_symbol_to_cdecl='sed -n -e '\''s/^T .* \(.*\)$/extern int \1();/p'\'' -e '\''s/^[ABCDGIRSTW]* .* \(.*\)$/extern char \1;/p'\'''
lt_cv_sys_max_cmd_len=1966080
lt_cv_to_host_file_cmd=func_convert_file_noop
lt_cv_to_tool_file_cmd=func_convert_file_noop
pkg_cv_CURL_CFLAGS=' '
pkg_cv_CURL_LIBS='-lcurl  '

## ----------------- ##
## Output variables. ##
## ----------------- ##

ACLOCAL='${SHELL} /usr/users/ga002/tyrrells/wheatis/extras/liboauth-1.0.3/missing --run aclocal-1.11'
ALLOCA=''
AMDEPBACKSLASH='\'
AMDEP_FALSE='#'
AMDEP_TRUE=''
AMTAR='$${TAR-tar}'
AR='ar'
AS='as'
AUTOCONF='${SHELL} /usr/users/ga002/tyrrells/wheatis/extras/liboauth-1.0.3/missing --run autoconf'
AUTOHEADER='${SHELL} /usr/users/ga002/tyrrells/wheatis/extras/liboauth-1.0.3/missing --run autoheader'
AUTOMAKE='${SHELL} /usr/users/ga002/tyrrells/wheatis/extras/liboauth-1.0.3/missing --run automake-1.11'
AWK='gawk'
CC='gcc'
CCDEPMODE='depmode=gcc3'
CFLAGS='-g -O2'
CPP='gcc -E'
CPPFLAGS=''
CURLCMD='/usr/bin/curl'
CURL_CFLAGS=' '
CURL_LIBS='-lcurl  '
CYGPATH_W='echo'
DEFS='-DHAVE_CONFIG_H'
DEPDIR='.deps'
DLLTOOL='false'
DOT='no'
DOTPATH=''
DOXYGEN='/usr/bin/doxygen'
DSYMUTIL=''
DUMPBIN=''
ECHO_C=''
ECHO_N='-n'
ECHO_T=''
EGREP='/bin/grep -E'
EXEEXT=''
EXESUF=''
FGREP='/bin/grep -F'
GREP='/bin/grep'
HASH_CFLAGS=''
HASH_LIBS='-lcrypto'
HAVEDOT='NO'
INSTALL_DATA='${INSTALL} -m 644'
INSTALL_PROGRAM='${INSTALL}'
INSTALL_SCRIPT='${INSTALL}'
INSTALL_STRIP_PROGRAM='$(install_sh) -c -s'
ISODATE='2015-04-01'
LD='/usr/bin/ld -m elf_x86_64'
LDFLAGS=''
LIBOAUTH_CFLAGS='-Wall'
LIBOAUTH_LDFLAGS='-Wall -export-symbols-regex '\''^oauth_.*'\'' -Wl,--as-needed'
LIBOBJS=''
LIBS=''
LIBTOOL='$(SHELL) $(top_builddir)/libtool'
LIPO=''
LN_S='ln -s'
LTLIBOBJS=''
MAKEINFO='${SHELL} /usr/users/ga002/tyrrells/wheatis/extras/liboauth-1.0.3/missing --run makeinfo'
MANIFEST_TOOL=':'
MKDIR_P='/bin/mkdir -p'
NM='/usr/bin/nm -B'
NMEDIT=''
NSS_CFLAGS=''
NSS_LIBS=''
OBJDUMP='objdump'
OBJEXT='o'
OTOOL64=''
OTOOL=''
PACKAGE='liboauth'
PACKAGE_BUGREPORT='robin AT gareus DOT org'
PACKAGE_NAME='liboauth'
PACKAGE_STRING='liboauth -'
PACKAGE_TARNAME='liboauth'
PACKAGE_URL='http://liboauth.sourceforge.net/'
PACKAGE_VERSION='-'
PATH_SEPARATOR=':'
PC_LIB=' -lcurl   -lcrypto'
PC_REQ=' libcurl libcrypto'
PERL='/usr/bin/perl'
PKG_CONFIG='/usr/bin/pkg-config'
PKG_CONFIG_LIBDIR=''
PKG_CONFIG_PATH=''
RANLIB='ranlib'
SED='/bin/sed'
SET_MAKE=''
SHELL='/bin/sh'
STRIP='strip'
TEST_UNICODE='-DTEST_UNICODE'
VERSION='1.0.3'
VERSION_INFO='8:7:8'
ac_ct_AR='ar'
ac_ct_CC='gcc'
ac_ct_DUMPBIN=''
am__EXEEXT_FALSE=''
am__EXEEXT_TRUE='#'
am__fastdepCC_FALSE='#'
am__fastdepCC_TRUE=''
am__include='include'
am__isrc=''
am__leading_dot='.'
am__nodep='_no'
am__quote=''
am__tar='$${TAR-tar} chof - "$$tardir"'
am__untar='$${TAR-tar} xf -'
bindir='${exec_prefix}/bin'
build='x86_64-unknown-linux-gnu'
build_alias=''
build_cpu='x86_64'
build_os='linux-gnu'
build_vendor='unknown'
datadir='${datarootdir}'
datarootdir='${prefix}/share'
docdir='${datarootdir}/doc/${PACKAGE_TARNAME}'
dvidir='${docdir}'
exec_prefix='${prefix}'
host='x86_64-unknown-linux-gnu'
host_alias=''
host_cpu='x86_64'
host_os='linux-gnu'
host_vendor='unknown'
htmldir='${docdir}'
includedir='${prefix}/include'
infodir='${datarootdir}/info'
install_sh='${SHELL} /usr/users/ga002/tyrrells/wheatis/extras/liboauth-1.0.3/install-sh'
libdir='${exec_prefix}/lib'
libexecdir='${exec_prefix}/libexec'
localedir='${datarootdir}/locale'
localstatedir='${prefix}/var'
mandir='${datarootdir}/man'
mkdir_p='/bin/mkdir -p'
oldincludedir='/usr/include'
pdfdir='${docdir}'
prefix='/opt/wheatis/extras/liboauth'
program_transform_name='s,x,x,'
psdir='${docdir}'
sbindir='${exec_prefix}/sbin'
sharedstatedir='${prefix}/com'
subdirs='src doc tests'
sysconfdir='${prefix}/etc'
target='x86_64-unknown-linux-gnu'
target_alias=''
target_cpu='x86_64'
target_os='linux-gnu'
target_vendor='unknown'

## ----------- ##
## confdefs.h. ##
## ----------- ##

/* confdefs.h */
#define PACKAGE_NAME "liboauth"
#define PACKAGE_TARNAME "liboauth"
#define PACKAGE_VERSION "-"
#define PACKAGE_STRING "liboauth -"
#define PACKAGE_BUGREPORT "robin AT gareus DOT org"
#define PACKAGE_URL "http://liboauth.sourceforge.net/"
#define PACKAGE "liboauth"
#define VERSION "1.0.3"
#define STDC_HEADERS 1
#define HAVE_SYS_TYPES_H 1
#define HAVE_SYS_STAT_H 1
#define HAVE_STDLIB_H 1
#define HAVE_STRING_H 1
#define HAVE_MEMORY_H 1
#define HAVE_STRINGS_H 1
#define HAVE_INTTYPES_H 1
#define HAVE_STDINT_H 1
#define HAVE_UNISTD_H 1
#define HAVE_DLFCN_H 1
#define LT_OBJDIR ".libs/"
#define STDC_HEADERS 1
#define HAVE_UNISTD_H 1
#define HAVE_TIME_H 1
#define HAVE_STRING_H 1
#define HAVE_ALLOCA_H 1
#define HAVE_STDIO_H 1
#define HAVE_STDARG_H 1
#define HAVE_MATH_H 1
#define HAVE_ALLOCA_H 1
#define HAVE_ALLOCA 1
#define HAVE_STRUCT_STAT_ST_BLOCKS 1
#define HAVE_ST_BLOCKS 1
#define HAVE_DIRENT_H 1
#define HAVE_SHELL_CURL 1
#define HAVE_CURL 1
#define HAVE_OPENSSL_HMAC_H 1

configure: exit 0
